c:\users\casa\desktop\vfpc\debug\vc142.pdb
c:\users\casa\desktop\vfpc\debug\vc142.idb
c:\users\casa\desktop\vfpc\debug\stdafx.obj
c:\users\casa\desktop\vfpc\debug\initialclimbplugin.obj
c:\users\casa\desktop\vfpc\debug\analyzefp.obj
c:\users\casa\source\repos\rpuig2001\initialcimbplugin\debug\vc142.pdb
c:\users\casa\source\repos\rpuig2001\initialcimbplugin\debug\vc142.idb
c:\users\casa\source\repos\rpuig2001\initialcimbplugin\debug\stdafx.obj
c:\users\casa\source\repos\rpuig2001\initialcimbplugin\debug\initialclimbplugin.obj
c:\users\casa\desktop\vfpc\debug\intitialclimbplugin.lib
c:\users\casa\desktop\vfpc\debug\intitialclimbplugin.exp
c:\users\casa\desktop\vfpc\debug\intitialclimbplugin.ilk
c:\users\casa\desktop\vfpc\debug\intitialclimbplugin.dll
c:\users\casa\desktop\vfpc\debug\intitialclimbplugin.pdb
c:\users\casa\source\repos\rpuig2001\initialcimbplugin\debug\intitialclimbplugin.ilk
c:\users\casa\source\repos\rpuig2001\initialcimbplugin\debug\intitialclimbplugin.exp
c:\users\casa\source\repos\rpuig2001\initialcimbplugin\debug\intitialclimbplugin.pdb
c:\users\casa\source\repos\rpuig2001\initialcimbplugin\debug\intitial.0ed612d6.tlog\cl.command.1.tlog
c:\users\casa\source\repos\rpuig2001\initialcimbplugin\debug\intitial.0ed612d6.tlog\cl.read.1.tlog
c:\users\casa\source\repos\rpuig2001\initialcimbplugin\debug\intitial.0ed612d6.tlog\cl.write.1.tlog
c:\users\casa\source\repos\rpuig2001\initialcimbplugin\debug\intitial.0ed612d6.tlog\intitialclimbplugin.write.1u.tlog
c:\users\casa\source\repos\rpuig2001\initialcimbplugin\debug\intitial.0ed612d6.tlog\link.command.1.tlog
c:\users\casa\source\repos\rpuig2001\initialcimbplugin\debug\intitial.0ed612d6.tlog\link.read.1.tlog
c:\users\casa\source\repos\rpuig2001\initialcimbplugin\debug\intitial.0ed612d6.tlog\link.write.1.tlog
