  analyzeFP.cpp
  InitialClimbPlugin.cpp
  stdafx.cpp
  Running Code Analysis for C/C++...
  Generating Code...
     Creating library C:\Users\Casa\Source\Repos\rpuig2001\InitialCimbPlugin\Debug\IntitialClimbPlugin.lib and object C:\Users\Casa\Source\Repos\rpuig2001\InitialCimbPlugin\Debug\IntitialClimbPlugin.exp
  VFPC.vcxproj -> C:\Users\Casa\Source\Repos\rpuig2001\InitialCimbPlugin\Debug\IntitialClimbPlugin.dll
C:\Users\Casa\source\repos\rpuig2001\InitialCimbPlugin\Libs\include\boost\function\function_base.hpp(603): warning C26495: Variable 'boost::function_base::functor' is uninitialized. Always initialize a member variable (type.6).
C:\Users\Casa\source\repos\rpuig2001\InitialCimbPlugin\Libs\include\boost\smart_ptr\detail\local_counted_base.hpp(45): warning C26812: The enum type 'boost::detail::local_counted_base::count_type' is unscoped. Prefer 'enum class' over 'enum' (Enum.3).
C:\Users\Casa\source\repos\rpuig2001\InitialCimbPlugin\pugixml.cpp(1097): warning C26495: Variable 'pugi::xml_attribute_struct::header' is uninitialized. Always initialize a member variable (type.6).
C:\Users\Casa\source\repos\rpuig2001\InitialCimbPlugin\pugixml.cpp(1113): warning C26495: Variable 'pugi::xml_node_struct::header' is uninitialized. Always initialize a member variable (type.6).
C:\Users\Casa\source\repos\rpuig2001\InitialCimbPlugin\pugixml.cpp(1113): warning C26812: The enum type 'pugi::xml_node_type' is unscoped. Prefer 'enum class' over 'enum' (Enum.3).
C:\Users\Casa\source\repos\rpuig2001\InitialCimbPlugin\pugixml.cpp(1914): warning C26812: The enum type 'pugi::xml_encoding' is unscoped. Prefer 'enum class' over 'enum' (Enum.3).
C:\Users\Casa\source\repos\rpuig2001\InitialCimbPlugin\pugixml.cpp(2904): warning C26812: The enum type 'pugi::xml_parse_status' is unscoped. Prefer 'enum class' over 'enum' (Enum.3).
C:\Users\Casa\source\repos\rpuig2001\InitialCimbPlugin\pugixml.cpp(3699): warning C26495: Variable 'pugi::impl::`anonymous-namespace'::xml_buffered_writer::scratch' is uninitialized. Always initialize a member variable (type.6).
C:\Users\Casa\source\repos\rpuig2001\InitialCimbPlugin\pugixml.cpp(3907): warning C26812: The enum type 'pugi::impl::?A0x4a0d2377::chartypex_t' is unscoped. Prefer 'enum class' over 'enum' (Enum.3).
C:\Users\Casa\source\repos\rpuig2001\InitialCimbPlugin\pugixml.cpp(4470): warning C28182: Dereferencing NULL pointer. 'dit' contains the same NULL value as 'copy' did. 
C:\Users\Casa\source\repos\rpuig2001\InitialCimbPlugin\pugixml.cpp(8331): warning C6054: String 'mantissa_buffer' might not be zero-terminated.
C:\Users\Casa\source\repos\rpuig2001\InitialCimbPlugin\pugixml.cpp(8662): warning C26495: Variable 'pugi::impl::`anonymous-namespace'::xpath_variable_boolean::name' is uninitialized. Always initialize a member variable (type.6).
C:\Users\Casa\source\repos\rpuig2001\InitialCimbPlugin\pugixml.cpp(8672): warning C26495: Variable 'pugi::impl::`anonymous-namespace'::xpath_variable_number::name' is uninitialized. Always initialize a member variable (type.6).
C:\Users\Casa\source\repos\rpuig2001\InitialCimbPlugin\pugixml.cpp(8682): warning C26495: Variable 'pugi::impl::`anonymous-namespace'::xpath_variable_string::name' is uninitialized. Always initialize a member variable (type.6).
C:\Users\Casa\source\repos\rpuig2001\InitialCimbPlugin\pugixml.cpp(8697): warning C26495: Variable 'pugi::impl::`anonymous-namespace'::xpath_variable_node_set::name' is uninitialized. Always initialize a member variable (type.6).
C:\Users\Casa\source\repos\rpuig2001\InitialCimbPlugin\pugixml.cpp(8742): warning C26812: The enum type 'pugi::xpath_value_type' is unscoped. Prefer 'enum class' over 'enum' (Enum.3).
C:\Users\Casa\source\repos\rpuig2001\InitialCimbPlugin\pugixml.cpp(8846): warning C26812: The enum type 'pugi::xpath_node_set::type_t' is unscoped. Prefer 'enum class' over 'enum' (Enum.3).
C:\Users\Casa\source\repos\rpuig2001\InitialCimbPlugin\pugixml.cpp(9345): warning C26812: The enum type 'pugi::impl::?A0x4a0d2377::lexeme_t' is unscoped. Prefer 'enum class' over 'enum' (Enum.3).
C:\Users\Casa\source\repos\rpuig2001\InitialCimbPlugin\pugixml.cpp(9662): warning C26812: The enum type 'pugi::impl::?A0x4a0d2377::nodeset_eval_t' is unscoped. Prefer 'enum class' over 'enum' (Enum.3).
C:\Users\Casa\source\repos\rpuig2001\InitialCimbPlugin\pugixml.cpp(10290): warning C26812: The enum type 'pugi::impl::?A0x4a0d2377::ast_type_t' is unscoped. Prefer 'enum class' over 'enum' (Enum.3).
C:\Users\Casa\source\repos\rpuig2001\InitialCimbPlugin\pugixml.cpp(10311): warning C26495: Variable 'pugi::impl::`anonymous-namespace'::xpath_ast_node::_data' is uninitialized. Always initialize a member variable (type.6).
C:\Users\Casa\source\repos\rpuig2001\InitialCimbPlugin\pugixml.cpp(10316): warning C26812: The enum type 'pugi::impl::?A0x4a0d2377::axis_t' is unscoped. Prefer 'enum class' over 'enum' (Enum.3).
C:\Users\Casa\source\repos\rpuig2001\InitialCimbPlugin\pugixml.cpp(10323): warning C26495: Variable 'pugi::impl::`anonymous-namespace'::xpath_ast_node::_data' is uninitialized. Always initialize a member variable (type.6).
C:\Users\Casa\source\repos\rpuig2001\InitialCimbPlugin\pugixml.cpp(10323): warning C26812: The enum type 'pugi::impl::?A0x4a0d2377::predicate_t' is unscoped. Prefer 'enum class' over 'enum' (Enum.3).
C:\Users\Casa\source\repos\rpuig2001\InitialCimbPlugin\pugixml.cpp(10794): warning C26451: Arithmetic overflow: Using operator '+' on a 4 byte value and then casting the result to a 8 byte value. Cast the value to the wider type before calling operator '+' to avoid overflow (io.2).
C:\Users\Casa\source\repos\rpuig2001\InitialCimbPlugin\pugixml.cpp(10799): warning C26451: Arithmetic overflow: Using operator '+' on a 4 byte value and then casting the result to a 8 byte value. Cast the value to the wider type before calling operator '+' to avoid overflow (io.2).
C:\Users\Casa\source\repos\rpuig2001\InitialCimbPlugin\pugixml.cpp(10770): warning C26451: Arithmetic overflow: Using operator '+' on a 4 byte value and then casting the result to a 8 byte value. Cast the value to the wider type before calling operator '+' to avoid overflow (io.2).
C:\Users\Casa\source\repos\rpuig2001\InitialCimbPlugin\pugixml.cpp(12095): warning C26495: Variable 'pugi::impl::`anonymous-namespace'::xpath_parser::_scratch' is uninitialized. Always initialize a member variable (type.6).
C:\Users\Casa\source\repos\rpuig2001\InitialCimbPlugin\Libs\include\rapidjson\document.h(50): warning C26495: Variable 'rapidjson::GenericValue<rapidjson::UTF8<char>,rapidjson::MemoryPoolAllocator<rapidjson::CrtAllocator> >::data_' is uninitialized. Always initialize a member variable (type.6).
C:\Users\Casa\source\repos\rpuig2001\InitialCimbPlugin\pugixml.cpp(4525): warning C26451: Arithmetic overflow: Using operator '-' on a 4 byte value and then casting the result to a 8 byte value. Cast the value to the wider type before calling operator '-' to avoid overflow (io.2).
C:\Users\Casa\source\repos\rpuig2001\InitialCimbPlugin\pugixml.cpp(4527): warning C26451: Arithmetic overflow: Using operator '+' on a 4 byte value and then casting the result to a 8 byte value. Cast the value to the wider type before calling operator '+' to avoid overflow (io.2).
C:\Users\Casa\source\repos\rpuig2001\InitialCimbPlugin\pugixml.cpp(4527): warning C26451: Arithmetic overflow: Using operator '-' on a 4 byte value and then casting the result to a 8 byte value. Cast the value to the wider type before calling operator '-' to avoid overflow (io.2).
C:\Users\Casa\source\repos\rpuig2001\InitialCimbPlugin\pugixml.cpp(4549): warning C26451: Arithmetic overflow: Using operator '-' on a 4 byte value and then casting the result to a 8 byte value. Cast the value to the wider type before calling operator '-' to avoid overflow (io.2).
C:\Users\Casa\source\repos\rpuig2001\InitialCimbPlugin\pugixml.cpp(4856): warning C26495: Variable 'pugi::impl::`anonymous-namespace'::xml_stream_chunk<wchar_t>::data' is uninitialized. Always initialize a member variable (type.6).
